0 info it worked if it ends with ok
1 verbose cli [
1 verbose cli   'C:\\Program Files\\nodejs\\node.exe',
1 verbose cli   'C:\\Users\\songqian\\AppData\\Roaming\\npm\\node_modules\\npm\\bin\\npm-cli.js',
1 verbose cli   'run',
1 verbose cli   'serve'
1 verbose cli ]
2 info using npm@3.7.5
3 info using node@v12.13.0
4 verbose stack Error: ENOENT: no such file or directory, open 'F:\开课吧web15\录屏\kaikeba__songqian__private\02__kaikeba__web15\01__vue\003\package.json'
5 verbose cwd F:\开课吧web15\录屏\kaikeba__songqian__private\02__kaikeba__web15\01__vue\003
6 error Windows_NT 10.0.18362
7 error argv "C:\\Program Files\\nodejs\\node.exe" "C:\\Users\\songqian\\AppData\\Roaming\\npm\\node_modules\\npm\\bin\\npm-cli.js" "run" "serve"
8 error node v12.13.0
9 error npm  v3.7.5
10 error path F:\开课吧web15\录屏\kaikeba__songqian__private\02__kaikeba__web15\01__vue\003\package.json
11 error code ENOENT
12 error errno -4058
13 error syscall open
14 error enoent ENOENT: no such file or directory, open 'F:\开课吧web15\录屏\kaikeba__songqian__private\02__kaikeba__web15\01__vue\003\package.json'
15 error enoent ENOENT: no such file or directory, open 'F:\开课吧web15\录屏\kaikeba__songqian__private\02__kaikeba__web15\01__vue\003\package.json'
15 error enoent This is most likely not a problem with npm itself
15 error enoent and is related to npm not being able to find a file.
16 verbose exit [ -4058, true ]
